00:00:00.270153 VirtualBox GUI VM Selector Window 6.0.12 r132055 linux.amd64 (Sep 17 2019 10:48:12) release log
00:00:00.270155 Log opened 2019-09-25T11:56:01.578715000Z
00:00:00.270155 Build Type: release
00:00:00.270157 OS Product: Linux
00:00:00.270158 OS Release: 5.3.1-arch1-1-ARCH
00:00:00.270159 OS Version: #1 SMP PREEMPT Sat Sep 21 11:33:49 UTC 2019
00:00:00.270174 DMI Product Name: 20FAS11D00
00:00:00.270179 DMI Product Version: ThinkPad T460s
00:00:00.270203 Host RAM: 7819MB (7.6GB) total, 6728MB (6.5GB) available
00:00:00.270206 Executable: /usr/lib/virtualbox/VirtualBox
00:00:00.270206 Process ID: 2266
00:00:00.270206 Package type: LINUX_64BITS_GENERIC (OSE)
00:00:00.270225 Qt version: 5.13.1
00:00:00.299740 GUI: UIMediumEnumerator: Medium-enumeration started...
00:00:00.534832 GUI: UIDesktopWidgetWatchdog::sltHandleHostScreenAvailableGeometryCalculated: Screen 0 work area is actually resized to: 487x29 x 460x996
00:00:00.559016 GUI: UIMediumEnumerator: Medium-enumeration finished!
00:00:05.264623 GUI: UIInvisibleWindow::sltFallback: Some event haven't came. Screen: 0, work area: 487x29 x 460x996
00:00:08.284182 GUI: UIMediumEnumerator: Medium-enumeration finished!
00:02:21.548972 GUI: UIMediumEnumerator: Medium-enumeration finished!
00:10:42.486348 GUI: UIMediumEnumerator: Medium-enumeration finished!
00:12:37.163286 GUI: UIMediumEnumerator: Medium-enumeration finished!
