00:00:00.003003 main     VirtualBox XPCOM Server 6.0.12 r132055 linux.amd64 (Sep 17 2019 10:48:12) release log
00:00:00.003007 main     Log opened 2019-09-29T16:59:29.434405000Z
00:00:00.003008 main     Build Type: release
00:00:00.003016 main     OS Product: Linux
00:00:00.003017 main     OS Release: 5.3.1-arch1-1-ARCH
00:00:00.003018 main     OS Version: #1 SMP PREEMPT Sat Sep 21 11:33:49 UTC 2019
00:00:00.003048 main     DMI Product Name: 20FAS11D00
00:00:00.003067 main     DMI Product Version: ThinkPad T460s
00:00:00.003109 main     Host RAM: 7819MB (7.6GB) total, 7524MB (7.3GB) available
00:00:00.003113 main     Executable: /usr/lib/virtualbox/VBoxSVC
00:00:00.003114 main     Process ID: 1869
00:00:00.003115 main     Package type: LINUX_64BITS_GENERIC (OSE)
00:00:00.005426 main     IPC socket path: /tmp/.vbox-flo-ipc/ipcd
00:00:00.121964 nspr-2   VirtualBox: object creation starts
00:00:00.122105 nspr-2   Home directory: '/home/flo/.config/VirtualBox'
00:00:00.123364 nspr-2   Loading settings file "/home/flo/.config/VirtualBox/VirtualBox.xml" with version "1.12-linux"
00:00:00.141808 nspr-2   NetIfAdpCtlOut: VBoxNetAdpCtl: Error while retrieving link speed for wlp4s0: VBoxNetAdpCtl: ioctl failed: Operation not supported
00:00:00.156673 nspr-2   NAT: resolv.conf: nameserver 192.168.43.50
00:00:00.156715 nspr-2   HostDnsMonitor::updateInfo
00:00:00.156741 nspr-2   HostDnsMonitor: old information
00:00:00.156747 nspr-2     no server entries
00:00:00.156754 nspr-2     no domain set
00:00:00.156759 nspr-2     no search string entries
00:00:00.156765 nspr-2   HostDnsMonitor: new information
00:00:00.156771 nspr-2     server 1: 192.168.43.50
00:00:00.156778 nspr-2     no domain set
00:00:00.156783 nspr-2     no search string entries
00:00:00.164346 nspr-2   VD: VDInit finished with VINF_SUCCESS
00:00:00.165691 nspr-2   ERROR [COM]: aRC=NS_ERROR_FAILURE (0x80004005) aIID={d55176e5-6730-4e9e-fc1f-a59b1f44f78f} aComponent={SystemPropertiesWrap} aText={Cannot determine default Guest Additions ISO location. Most likely they are not available}, preserve=false aResultDetail=0
00:00:00.174211 nspr-2   Loading settings file "/home/flo/VirtualBox VMs/hw1-wm/hw1-wm.vbox" with version "1.15-linux"
00:00:00.176558 nspr-2   Loading settings file "/home/flo/VirtualBox VMs/hw1-wm 1/hw1-wm 1.vbox" with version "1.15-linux"
00:00:00.177387 nspr-2   VirtualBox: object created
00:00:01.214506 nspr-4   Import settings with version "1.15-macosx"
00:00:01.214718 nspr-4   ERROR [COM]: aRC=VBOX_E_OBJECT_NOT_FOUND (0x80bb0001) aIID={d0a0163f-e254-4e5b-a1f2-011cf991c38d} aComponent={VirtualBoxWrap} aText={Could not find a registered machine named 'hw1-wm 2'}, preserve=false aResultDetail=0
00:00:01.214939 nspr-4   ERROR [COM]: aRC=VBOX_E_FILE_ERROR (0x80bb0004) aIID={ad47ad09-787b-44ab-b343-a082a3f2dfb1} aComponent={MediumWrap} aText={Could not find file for the medium '/home/flo/VirtualBox VMs/hw1-wm 2/hw1-vm-disk001.vmdk' (VERR_FILE_NOT_FOUND)}, preserve=false aResultDetail=-102
00:00:02.925215 nspr-3   Saving settings file "/home/flo/.config/VirtualBox/VirtualBox.xml" with version "1.12-linux"
00:00:02.950315 nspr-3   Saving settings file "/home/flo/.config/VirtualBox/VirtualBox.xml" with version "1.12-linux"
00:00:10.081791 createImport Saving settings file "/home/flo/.config/VirtualBox/VirtualBox.xml" with version "1.12-linux"
00:00:10.098345 ApplImp  Saving settings file "/home/flo/VirtualBox VMs/hw1-wm 2/hw1-wm 2.vbox" with version "1.15-linux"
00:00:10.117937 ApplImp  Saving settings file "/home/flo/.config/VirtualBox/VirtualBox.xml" with version "1.12-linux"
00:00:10.668421 nspr-3   ERROR [COM]: aRC=NS_ERROR_FAILURE (0x80004005) aIID={5047460a-265d-4538-b23e-ddba5fb84976} aComponent={MachineWrap} aText={This machine does not have any snapshots}, preserve=false aResultDetail=0
00:00:17.388150 nspr-2   WARNING [COM]: aRC=NS_ERROR_FAILURE (0x80004005) aIID={dbe11e5f-7f10-46e7-94c4-1e95bf4b6627} aComponent={HostWrap} aText={VirtualBox is not currently allowed to access USB devices.  You can change this by adding your user to the 'vboxusers' group.  Please see the user manual for a more detailed explanation}, preserve=true  aResultDetail=0
00:00:17.478637 nspr-4   WARNING [COM]: aRC=NS_ERROR_FAILURE (0x80004005) aIID={dbe11e5f-7f10-46e7-94c4-1e95bf4b6627} aComponent={HostWrap} aText={VirtualBox is not currently allowed to access USB devices.  You can change this by adding your user to the 'vboxusers' group.  Please see the user manual for a more detailed explanation}, preserve=true  aResultDetail=0
00:00:17.479509 nspr-4   WARNING [COM]: aRC=NS_ERROR_FAILURE (0x80004005) aIID={dbe11e5f-7f10-46e7-94c4-1e95bf4b6627} aComponent={HostWrap} aText={VirtualBox is not currently allowed to access USB devices.  You can change this by adding your user to the 'vboxusers' group.  Please see the user manual for a more detailed explanation}, preserve=true  aResultDetail=0
00:00:18.311412 nspr-3   WARNING [COM]: aRC=NS_ERROR_FAILURE (0x80004005) aIID={dbe11e5f-7f10-46e7-94c4-1e95bf4b6627} aComponent={HostWrap} aText={VirtualBox is not currently allowed to access USB devices.  You can change this by adding your user to the 'vboxusers' group.  Please see the user manual for a more detailed explanation}, preserve=true  aResultDetail=0
00:00:18.360821 nspr-3   WARNING [COM]: aRC=NS_ERROR_FAILURE (0x80004005) aIID={dbe11e5f-7f10-46e7-94c4-1e95bf4b6627} aComponent={HostWrap} aText={VirtualBox is not currently allowed to access USB devices.  You can change this by adding your user to the 'vboxusers' group.  Please see the user manual for a more detailed explanation}, preserve=true  aResultDetail=0
00:00:18.361882 nspr-3   WARNING [COM]: aRC=NS_ERROR_FAILURE (0x80004005) aIID={dbe11e5f-7f10-46e7-94c4-1e95bf4b6627} aComponent={HostWrap} aText={VirtualBox is not currently allowed to access USB devices.  You can change this by adding your user to the 'vboxusers' group.  Please see the user manual for a more detailed explanation}, preserve=true  aResultDetail=0
00:00:25.480177 nspr-4   WARNING [COM]: aRC=NS_ERROR_FAILURE (0x80004005) aIID={dbe11e5f-7f10-46e7-94c4-1e95bf4b6627} aComponent={HostWrap} aText={VirtualBox is not currently allowed to access USB devices.  You can change this by adding your user to the 'vboxusers' group.  Please see the user manual for a more detailed explanation}, preserve=true  aResultDetail=0
00:00:25.481016 nspr-4   WARNING [COM]: aRC=NS_ERROR_FAILURE (0x80004005) aIID={dbe11e5f-7f10-46e7-94c4-1e95bf4b6627} aComponent={HostWrap} aText={VirtualBox is not currently allowed to access USB devices.  You can change this by adding your user to the 'vboxusers' group.  Please see the user manual for a more detailed explanation}, preserve=true  aResultDetail=0
00:00:25.648756 nspr-5   WARNING [COM]: aRC=NS_ERROR_FAILURE (0x80004005) aIID={dbe11e5f-7f10-46e7-94c4-1e95bf4b6627} aComponent={HostWrap} aText={VirtualBox is not currently allowed to access USB devices.  You can change this by adding your user to the 'vboxusers' group.  Please see the user manual for a more detailed explanation}, preserve=true  aResultDetail=0
00:00:25.649689 nspr-6   WARNING [COM]: aRC=NS_ERROR_FAILURE (0x80004005) aIID={dbe11e5f-7f10-46e7-94c4-1e95bf4b6627} aComponent={HostWrap} aText={VirtualBox is not currently allowed to access USB devices.  You can change this by adding your user to the 'vboxusers' group.  Please see the user manual for a more detailed explanation}, preserve=true  aResultDetail=0
00:00:25.822298 nspr-7   WARNING [COM]: aRC=NS_ERROR_FAILURE (0x80004005) aIID={dbe11e5f-7f10-46e7-94c4-1e95bf4b6627} aComponent={HostWrap} aText={VirtualBox is not currently allowed to access USB devices.  You can change this by adding your user to the 'vboxusers' group.  Please see the user manual for a more detailed explanation}, preserve=true  aResultDetail=0
00:00:25.822910 nspr-7   WARNING [COM]: aRC=NS_ERROR_FAILURE (0x80004005) aIID={dbe11e5f-7f10-46e7-94c4-1e95bf4b6627} aComponent={HostWrap} aText={VirtualBox is not currently allowed to access USB devices.  You can change this by adding your user to the 'vboxusers' group.  Please see the user manual for a more detailed explanation}, preserve=true  aResultDetail=0
00:00:25.823110 nspr-5   ERROR [COM]: aRC=VBOX_E_OBJECT_NOT_FOUND (0x80bb0001) aIID={70401eef-c8e9-466b-9660-45cb3e9979e4} aComponent={ExtPackManagerWrap} aText={No extension pack by the name 'Oracle VM VirtualBox Extension Pack' was found}, preserve=false aResultDetail=0
00:00:25.853644 nspr-6   WARNING [COM]: aRC=NS_ERROR_FAILURE (0x80004005) aIID={dbe11e5f-7f10-46e7-94c4-1e95bf4b6627} aComponent={HostWrap} aText={VirtualBox is not currently allowed to access USB devices.  You can change this by adding your user to the 'vboxusers' group.  Please see the user manual for a more detailed explanation}, preserve=true  aResultDetail=0
00:00:25.854197 nspr-6   WARNING [COM]: aRC=NS_ERROR_FAILURE (0x80004005) aIID={dbe11e5f-7f10-46e7-94c4-1e95bf4b6627} aComponent={HostWrap} aText={VirtualBox is not currently allowed to access USB devices.  You can change this by adding your user to the 'vboxusers' group.  Please see the user manual for a more detailed explanation}, preserve=true  aResultDetail=0
00:00:25.868808 nspr-7   ERROR [COM]: aRC=VBOX_E_IPRT_ERROR (0x80bb0005) aIID={5047460a-265d-4538-b23e-ddba5fb84976} aComponent={SessionMachine} aText={Saved screenshot data is not available (VERR_NOT_SUPPORTED)}, preserve=false aResultDetail=-37
00:00:25.879461 nspr-6   NetIfAdpCtlOut: VBoxNetAdpCtl: Error while retrieving link speed for wlp4s0: VBoxNetAdpCtl: ioctl failed: Operation not supported
00:00:25.935281 nspr-6   WARNING [COM]: aRC=NS_ERROR_FAILURE (0x80004005) aIID={dbe11e5f-7f10-46e7-94c4-1e95bf4b6627} aComponent={HostWrap} aText={VirtualBox is not currently allowed to access USB devices.  You can change this by adding your user to the 'vboxusers' group.  Please see the user manual for a more detailed explanation}, preserve=true  aResultDetail=0
00:00:25.956171 nspr-7   WARNING [COM]: aRC=NS_ERROR_FAILURE (0x80004005) aIID={dbe11e5f-7f10-46e7-94c4-1e95bf4b6627} aComponent={HostWrap} aText={VirtualBox is not currently allowed to access USB devices.  You can change this by adding your user to the 'vboxusers' group.  Please see the user manual for a more detailed explanation}, preserve=true  aResultDetail=0
00:00:25.957241 nspr-7   WARNING [COM]: aRC=NS_ERROR_FAILURE (0x80004005) aIID={dbe11e5f-7f10-46e7-94c4-1e95bf4b6627} aComponent={HostWrap} aText={VirtualBox is not currently allowed to access USB devices.  You can change this by adding your user to the 'vboxusers' group.  Please see the user manual for a more detailed explanation}, preserve=true  aResultDetail=0
00:00:27.253533 nspr-3   WARNING [COM]: aRC=NS_ERROR_FAILURE (0x80004005) aIID={dbe11e5f-7f10-46e7-94c4-1e95bf4b6627} aComponent={HostWrap} aText={VirtualBox is not currently allowed to access USB devices.  You can change this by adding your user to the 'vboxusers' group.  Please see the user manual for a more detailed explanation}, preserve=true  aResultDetail=0
00:00:27.254843 nspr-6   WARNING [COM]: aRC=NS_ERROR_FAILURE (0x80004005) aIID={dbe11e5f-7f10-46e7-94c4-1e95bf4b6627} aComponent={HostWrap} aText={VirtualBox is not currently allowed to access USB devices.  You can change this by adding your user to the 'vboxusers' group.  Please see the user manual for a more detailed explanation}, preserve=true  aResultDetail=0
00:05:35.532868 MainPower Host suspending: Paused 1 VMs
00:05:35.582970 MainPower Host resumed: Resumed 1 VMs
00:05:35.817115 nspr-2   WARNING [COM]: aRC=NS_ERROR_FAILURE (0x80004005) aIID={dbe11e5f-7f10-46e7-94c4-1e95bf4b6627} aComponent={HostWrap} aText={VirtualBox is not currently allowed to access USB devices.  You can change this by adding your user to the 'vboxusers' group.  Please see the user manual for a more detailed explanation}, preserve=true  aResultDetail=0
00:05:35.817844 nspr-9   WARNING [COM]: aRC=NS_ERROR_FAILURE (0x80004005) aIID={dbe11e5f-7f10-46e7-94c4-1e95bf4b6627} aComponent={HostWrap} aText={VirtualBox is not currently allowed to access USB devices.  You can change this by adding your user to the 'vboxusers' group.  Please see the user manual for a more detailed explanation}, preserve=true  aResultDetail=0
